<?xml version="1.0" encoding="UTF-8"?>
<testsuite name="com.example.evaluacion1.Evaluacion1ApplicationTests" tests="1" skipped="0" failures="0" errors="0" timestamp="2023-10-08T01:52:36" hostname="YOBE" time="0.004">
  <properties/>
  <testcase name="contextLoads()" classname="com.example.evaluacion1.Evaluacion1ApplicationTests" time="0.004"/>
  <system-out><![CDATA[2023-10-07T22:52:36.070-03:00  INFO 9504 --- [    Test worker] t.c.s.AnnotationConfigContextLoaderUtils : Could not detect default configuration classes for test class [com.example.evaluacion1.Evaluacion1ApplicationTests]: Evaluacion1ApplicationTests does not declare any static, non-private, non-final, nested classes annotated with @Configuration.
2023-10-07T22:52:36.073-03:00  INFO 9504 --- [    Test worker] .b.t.c.SpringBootTestContextBootstrapper : Found @SpringBootConfiguration com.example.evaluacion1.Evaluacion1Application for test class com.example.evaluacion1.Evaluacion1ApplicationTests
]]></system-out>
  <system-err><![CDATA[]]></system-err>
</testsuite>
