<?xml version="1.0" encoding="UTF-8"?>
<testsuite name="com.example.evaluacion1.EstudianteTest" tests="14" skipped="0" failures="0" errors="0" timestamp="2023-10-06T01:35:27" hostname="roberto-Lenovo-ideapad-330S-14IKB" time="0.622">
  <properties/>
  <testcase name="comprobarObtenerEstudiantesConCuotas()" classname="com.example.evaluacion1.EstudianteTest" time="0.068"/>
  <testcase name="calcularNumeroCuotasPactadas()" classname="com.example.evaluacion1.EstudianteTest" time="0.045"/>
  <testcase name="calcularTipoPagoCasoContado()" classname="com.example.evaluacion1.EstudianteTest" time="0.031"/>
  <testcase name="comprobarObtenerPorId()" classname="com.example.evaluacion1.EstudianteTest" time="0.031"/>
  <testcase name="calcularMontoTotalPagado()" classname="com.example.evaluacion1.EstudianteTest" time="0.044"/>
  <testcase name="calcularNumeroCuotasPagadas()" classname="com.example.evaluacion1.EstudianteTest" time="0.044"/>
  <testcase name="comprobarObtenerEstudiantes()" classname="com.example.evaluacion1.EstudianteTest" time="0.049"/>
  <testcase name="calcularTipoPagoCasoCuotas()" classname="com.example.evaluacion1.EstudianteTest" time="0.065"/>
  <testcase name="calcularSaldoPorPagar()" classname="com.example.evaluacion1.EstudianteTest" time="0.054"/>
  <testcase name="calcularFechaUltimoPago()" classname="com.example.evaluacion1.EstudianteTest" time="0.048"/>
  <testcase name="calcularPromedioTotalExamenes()" classname="com.example.evaluacion1.EstudianteTest" time="0.01"/>
  <testcase name="calcularMontoTotalArancelPagar()" classname="com.example.evaluacion1.EstudianteTest" time="0.046"/>
  <testcase name="calcularNumeroCuotasConRetraso()" classname="com.example.evaluacion1.EstudianteTest" time="0.041"/>
  <testcase name="calcularPromedioTotalExamenesCasoCero()" classname="com.example.evaluacion1.EstudianteTest" time="0.006"/>
  <system-out><![CDATA[2023-10-05T22:35:27.413-03:00  INFO 7385 --- [    Test worker] t.c.s.AnnotationConfigContextLoaderUtils : Could not detect default configuration classes for test class [com.example.evaluacion1.EstudianteTest]: EstudianteTest does not declare any static, non-private, non-final, nested classes annotated with @Configuration.
2023-10-05T22:35:27.418-03:00  INFO 7385 --- [    Test worker] .b.t.c.SpringBootTestContextBootstrapper : Found @SpringBootConfiguration com.example.evaluacion1.Evaluacion1Application for test class com.example.evaluacion1.EstudianteTest
]]></system-out>
  <system-err><![CDATA[]]></system-err>
</testsuite>
