<?xml version="1.0" encoding="UTF-8"?>
<testsuite name="com.example.evaluacion1.CuotaTest" tests="1" skipped="0" failures="0" errors="0" timestamp="2023-10-03T00:11:51" hostname="roberto-Lenovo-ideapad-330S-14IKB" time="0.036">
  <properties/>
  <testcase name="calcularElInteresCasoMasDeOneYearAtraso()" classname="com.example.evaluacion1.CuotaTest" time="0.036"/>
  <system-out><![CDATA[]]></system-out>
  <system-err><![CDATA[]]></system-err>
</testsuite>
