<?xml version="1.0" encoding="UTF-8"?>
<testsuite name="com.example.evaluacion1.CuotaTest" tests="24" skipped="0" failures="0" errors="0" timestamp="2023-10-08T01:52:33" hostname="YOBE" time="2.438">
  <properties/>
  <testcase name="calcularFechaRechazadaPago()" classname="com.example.evaluacion1.CuotaTest" time="1.24"/>
  <testcase name="comprobarGenerarCuotas()" classname="com.example.evaluacion1.CuotaTest" time="0.672"/>
  <testcase name="comprobarObtenerCuotas()" classname="com.example.evaluacion1.CuotaTest" time="0.085"/>
  <testcase name="comprobarRevisarInteresesCaso2()" classname="com.example.evaluacion1.CuotaTest" time="0.084"/>
  <testcase name="calcularElInteresUnMesAtraso()" classname="com.example.evaluacion1.CuotaTest" time="0.008"/>
  <testcase name="comprobarPagoAlCOntado()" classname="com.example.evaluacion1.CuotaTest" time="0.031"/>
  <testcase name="calcularElInteresMasDeTresMesesAtraso()" classname="com.example.evaluacion1.CuotaTest" time="0.006"/>
  <testcase name="calcularCantidadMaxDeCuotasCasoPrivado()" classname="com.example.evaluacion1.CuotaTest" time="0.006"/>
  <testcase name="calcularCantidadMaxDeCuotasCasoSubvencionado()" classname="com.example.evaluacion1.CuotaTest" time="0.006"/>
  <testcase name="calcularElInteresSinMesesAtraso2()" classname="com.example.evaluacion1.CuotaTest" time="0.007"/>
  <testcase name="comprobarRevisarIntereses()" classname="com.example.evaluacion1.CuotaTest" time="0.047"/>
  <testcase name="calcularElInteresDosMesesAtraso()" classname="com.example.evaluacion1.CuotaTest" time="0.006"/>
  <testcase name="comprobarPagoDeCuota()" classname="com.example.evaluacion1.CuotaTest" time="0.024"/>
  <testcase name="calcularCantidadMaxDeCuotasCasoMunicipal()" classname="com.example.evaluacion1.CuotaTest" time="0.007"/>
  <testcase name="calcularElInteresTresMesesAtraso()" classname="com.example.evaluacion1.CuotaTest" time="0.008"/>
  <testcase name="calcularElInteresCasoMasDeOneYearAtraso()" classname="com.example.evaluacion1.CuotaTest" time="0.008"/>
  <testcase name="calcularMontoDeArancelConDescuentoCaso2()" classname="com.example.evaluacion1.CuotaTest" time="0.011"/>
  <testcase name="calcularMontoDeArancelConDescuentoCaso3()" classname="com.example.evaluacion1.CuotaTest" time="0.009"/>
  <testcase name="calcularElInteresCasoOneYearAtraso()" classname="com.example.evaluacion1.CuotaTest" time="0.01"/>
  <testcase name="verSiExisteCuota()" classname="com.example.evaluacion1.CuotaTest" time="0.051"/>
  <testcase name="calcularMontoDeArancelConDescuento()" classname="com.example.evaluacion1.CuotaTest" time="0.007"/>
  <testcase name="calcularFechaAceptadaPago()" classname="com.example.evaluacion1.CuotaTest" time="0.007"/>
  <testcase name="calcularElInteresSinMesesAtraso()" classname="com.example.evaluacion1.CuotaTest" time="0.007"/>
  <testcase name="verSiNoExisteCuota()" classname="com.example.evaluacion1.CuotaTest" time="0.029"/>
  <system-out><![CDATA[22:52:17.952 [Test worker] INFO org.springframework.test.context.support.AnnotationConfigContextLoaderUtils -- Could not detect default configuration classes for test class [com.example.evaluacion1.CuotaTest]: CuotaTest does not declare any static, non-private, non-final, nested classes annotated with @Configuration.
22:52:18.351 [Test worker] INFO org.springframework.boot.test.context.SpringBootTestContextBootstrapper -- Found @SpringBootConfiguration com.example.evaluacion1.Evaluacion1Application for test class com.example.evaluacion1.CuotaTest

  .   ____          _            __ _ _
 /\\ / ___'_ __ _ _(_)_ __  __ _ \ \ \ \
( ( )\___ | '_ | '_| | '_ \/ _` | \ \ \ \
 \\/  ___)| |_)| | | | | || (_| |  ) ) ) )
  '  |____| .__|_| |_|_| |_\__, | / / / /
 =========|_|==============|___/=/_/_/_/
 :: Spring Boot ::                (v3.1.3)

2023-10-07T22:52:19.816-03:00  INFO 9504 --- [    Test worker] com.example.evaluacion1.CuotaTest        : Starting CuotaTest using Java 17.0.8 with PID 9504 (started by rgall in C:\Users\rgall\OneDrive\Escritorio\usach nivel 6\TINGESO\evaluacion1)
2023-10-07T22:52:19.822-03:00  INFO 9504 --- [    Test worker] com.example.evaluacion1.CuotaTest        : No active profile set, falling back to 1 default profile: "default"
2023-10-07T22:52:21.743-03:00  INFO 9504 --- [    Test worker] .s.d.r.c.RepositoryConfigurationDelegate : Bootstrapping Spring Data JPA repositories in DEFAULT mode.
2023-10-07T22:52:21.946-03:00  INFO 9504 --- [    Test worker] .s.d.r.c.RepositoryConfigurationDelegate : Finished Spring Data repository scanning in 171 ms. Found 3 JPA repository interfaces.
2023-10-07T22:52:23.207-03:00  INFO 9504 --- [    Test worker] o.hibernate.jpa.internal.util.LogHelper  : HHH000204: Processing PersistenceUnitInfo [name: default]
2023-10-07T22:52:23.434-03:00  INFO 9504 --- [    Test worker] org.hibernate.Version                    : HHH000412: Hibernate ORM core version 6.2.7.Final
2023-10-07T22:52:23.443-03:00  INFO 9504 --- [    Test worker] org.hibernate.cfg.Environment            : HHH000406: Using bytecode reflection optimizer
2023-10-07T22:52:23.998-03:00  INFO 9504 --- [    Test worker] o.h.b.i.BytecodeProviderInitiator        : HHH000021: Bytecode provider name : bytebuddy
2023-10-07T22:52:24.496-03:00  INFO 9504 --- [    Test worker] o.s.o.j.p.SpringPersistenceUnitInfo      : No LoadTimeWeaver setup: ignoring JPA class transformer
2023-10-07T22:52:24.553-03:00  INFO 9504 --- [    Test worker] com.zaxxer.hikari.HikariDataSource       : HikariPool-1 - Starting...
2023-10-07T22:52:25.556-03:00  INFO 9504 --- [    Test worker] com.zaxxer.hikari.pool.HikariPool        : HikariPool-1 - Added connection com.mysql.cj.jdbc.ConnectionImpl@62360a68
2023-10-07T22:52:25.562-03:00  INFO 9504 --- [    Test worker] com.zaxxer.hikari.HikariDataSource       : HikariPool-1 - Start completed.
2023-10-07T22:52:26.712-03:00  INFO 9504 --- [    Test worker] o.h.b.i.BytecodeProviderInitiator        : HHH000021: Bytecode provider name : bytebuddy
2023-10-07T22:52:28.840-03:00  INFO 9504 --- [    Test worker] o.h.e.t.j.p.i.JtaPlatformInitiator       : HHH000490: Using JtaPlatform implementation: [org.hibernate.engine.transaction.jta.platform.internal.NoJtaPlatform]
2023-10-07T22:52:29.022-03:00  INFO 9504 --- [    Test worker] j.LocalContainerEntityManagerFactoryBean : Initialized JPA EntityManagerFactory for persistence unit 'default'
2023-10-07T22:52:30.043-03:00  INFO 9504 --- [    Test worker] o.s.d.j.r.query.QueryEnhancerFactory     : Hibernate is in classpath; If applicable, HQL parser will be used.
2023-10-07T22:52:31.838-03:00  WARN 9504 --- [    Test worker] JpaBaseConfiguration$JpaWebConfiguration : spring.jpa.open-in-view is enabled by default. Therefore, database queries may be performed during view rendering. Explicitly configure spring.jpa.open-in-view to disable this warning
2023-10-07T22:52:32.444-03:00  INFO 9504 --- [    Test worker] o.s.b.a.w.s.WelcomePageHandlerMapping    : Adding welcome page template: index
2023-10-07T22:52:32.984-03:00  INFO 9504 --- [    Test worker] com.example.evaluacion1.CuotaTest        : Started CuotaTest in 14.01 seconds (process running for 18.326)
]]></system-out>
  <system-err><![CDATA[[2023.10.07 22:52:19] (Coverage): Error during class instrumentation: org.springframework.boot.logging.log4j2.Log4J2LoggingSystem: java.lang.RuntimeException: java.io.IOException: Class org/apache/logging/log4j/core/config/composite/CompositeConfiguration not found
]]></system-err>
</testsuite>
